c:\users\raysw\repositories\temp\beijing_fushengji\debug\duallistdemo.pch
c:\users\raysw\repositories\temp\beijing_fushengji\debug\vc142.pdb
c:\users\raysw\repositories\temp\beijing_fushengji\debug\vc142.idb
c:\users\raysw\repositories\temp\beijing_fushengji\debug\stdafx.obj
c:\users\raysw\repositories\temp\beijing_fushengji\debug\richtop10.obj
c:\users\raysw\repositories\temp\beijing_fushengji\debug\replayload.obj
c:\users\raysw\repositories\temp\beijing_fushengji\debug\postmoneydlg.obj
c:\users\raysw\repositories\temp\beijing_fushengji\debug\newsdlg.obj
c:\users\raysw\repositories\temp\beijing_fushengji\debug\networkclub.obj
c:\users\raysw\repositories\temp\beijing_fushengji\debug\listctrlsortclass.obj
c:\users\raysw\repositories\temp\beijing_fushengji\debug\hyperlink.obj
c:\users\raysw\repositories\temp\beijing_fushengji\debug\housedlg.obj
c:\users\raysw\repositories\temp\beijing_fushengji\debug\hispital.obj
c:\users\raysw\repositories\temp\beijing_fushengji\debug\enterbank.obj
c:\users\raysw\repositories\temp\beijing_fushengji\debug\duallistdemodlg.obj
c:\users\raysw\repositories\temp\beijing_fushengji\debug\duallistdemo.obj
c:\users\raysw\repositories\temp\beijing_fushengji\debug\digistring.obj
c:\users\raysw\repositories\temp\beijing_fushengji\debug\curvefit.obj
c:\users\raysw\repositories\temp\beijing_fushengji\debug\buydlg.obj
c:\users\raysw\repositories\temp\beijing_fushengji\debug\btnst.obj
c:\users\raysw\repositories\temp\beijing_fushengji\debug\bosscomedlg.obj
c:\users\raysw\repositories\temp\beijing_fushengji\debug\bitmappicture.obj
c:\users\raysw\repositories\temp\beijing_fushengji\debug\beijingintrodlg.obj
c:\users\raysw\repositories\temp\beijing_fushengji\debug\bankjiaoyi.obj
c:\users\raysw\repositories\temp\beijing_fushengji\debug\wangba.obj
c:\users\raysw\repositories\temp\beijing_fushengji\debug\topplayerdlg.obj
c:\users\raysw\repositories\temp\beijing_fushengji\debug\tipdlg.obj
c:\users\raysw\repositories\temp\beijing_fushengji\debug\ticker.obj
c:\users\raysw\repositories\temp\beijing_fushengji\debug\storydlg.obj
c:\users\raysw\repositories\temp\beijing_fushengji\debug\staticcounter.obj
c:\users\raysw\repositories\temp\beijing_fushengji\debug\shengmingdlg.obj
c:\users\raysw\repositories\temp\beijing_fushengji\debug\setupgame.obj
c:\users\raysw\repositories\temp\beijing_fushengji\debug\selldlg.obj
c:\users\raysw\repositories\temp\beijing_fushengji\debug\selectiondlg.obj
c:\users\raysw\repositories\temp\beijing_fushengji\debug\rijidlg.obj
c:\users\raysw\repositories\temp\beijing_fushengji\debug\duallistdemo.ilk
c:\users\raysw\repositories\temp\beijing_fushengji\debug\duallistdemo.exe
c:\users\raysw\repositories\temp\beijing_fushengji\debug\duallistdemo.pdb
c:\users\raysw\repositories\temp\beijing_fushengji\debug\duallistdemo.res
c:\users\raysw\repositories\temp\beijing_fushengji\.\debug\duallistdemo.exe
c:\users\raysw\repositories\temp\beijing_fushengji\debug\duallistdemo.tlog\cl.command.1.tlog
c:\users\raysw\repositories\temp\beijing_fushengji\debug\duallistdemo.tlog\cl.read.1.tlog
c:\users\raysw\repositories\temp\beijing_fushengji\debug\duallistdemo.tlog\cl.write.1.tlog
c:\users\raysw\repositories\temp\beijing_fushengji\debug\duallistdemo.tlog\link.command.1.tlog
c:\users\raysw\repositories\temp\beijing_fushengji\debug\duallistdemo.tlog\link.read.1.tlog
c:\users\raysw\repositories\temp\beijing_fushengji\debug\duallistdemo.tlog\link.write.1.tlog
c:\users\raysw\repositories\temp\beijing_fushengji\debug\duallistdemo.tlog\rc.command.1.tlog
c:\users\raysw\repositories\temp\beijing_fushengji\debug\duallistdemo.tlog\rc.read.1.tlog
c:\users\raysw\repositories\temp\beijing_fushengji\debug\duallistdemo.tlog\rc.write.1.tlog
